<?xml version="1.0" encoding="UTF-8"?>
<!-- Generated by org.testng.reporters.JUnitReportReporter -->
<testsuite hostname="Tasmia" name="com.jaway.restassured.rest_assured.AppTest" tests="3" failures="0" timestamp="20 Sep 2015 18:39:53 GMT" time="2.491" errors="0">
  <testcase name="getRequestFindCapital" time="0.252" classname="com.jaway.restassured.rest_assured.AppTest"/>
  <testcase name="getRequestFindCapital" time="0.254" classname="com.jaway.restassured.rest_assured.AppTest"/>
  <testcase name="getRequestFindCapital" time="1.985" classname="com.jaway.restassured.rest_assured.AppTest"/>
</testsuite> <!-- com.jaway.restassured.rest_assured.AppTest -->
